This file contains any messages produced by compilers while
running configure, to aid debugging if configure makes a mistake.

It was created by yang_mills configure 1.1.6, which was
generated by GNU Autoconf 2.72.  Invocation command line was

  $ ./configure N_c=2 ST_dim=3 Num_threads=1 CC=gcc 'CFLAGS=-O3 -Wno-deprecated-declarations' LIBS=-lm --enable-use-dirichlet

## --------- ##
## Platform. ##
## --------- ##

hostname = DESKTOP-UB0MP16
uname -m = x86_64
uname -r = 3.6.4-1.x86_64
uname -s = CYGWIN_NT-10.0-26200
uname -v = 2025-07-15 07:55 UTC

/usr/bin/uname -p = unknown
/bin/uname -X     = unknown

/bin/arch              = x86_64
/usr/bin/arch -k       = unknown
/usr/convex/getsysinfo = unknown
/usr/bin/hostinfo      = unknown
/bin/machine           = unknown
/usr/bin/oslevel       = unknown
/bin/universe          = unknown

PATH: /cygdrive/c/cygwin64/usr/x86_64-w64-mingw32/sys-root/mingw/bin/
PATH: /usr/local/bin/
PATH: /usr/bin/
PATH: /cygdrive/c/WINDOWS/system32/
PATH: /cygdrive/c/WINDOWS/
PATH: /cygdrive/c/WINDOWS/System32/Wbem/
PATH: /cygdrive/c/WINDOWS/System32/WindowsPowerShell/v1.0/
PATH: /cygdrive/c/WINDOWS/System32/OpenSSH/
PATH: /cygdrive/c/Program Files/dotnet/
PATH: /cygdrive/c/Program Files/Git/cmd/
PATH: /cygdrive/c/Strawberry/c/bin/
PATH: /cygdrive/c/Strawberry/perl/site/bin/
PATH: /cygdrive/c/Strawberry/perl/bin/
PATH: /cygdrive/c/Program Files (x86)/Windows Kits/10/Windows Performance Toolkit/
PATH: /cygdrive/c/Program Files/CMake/bin/
PATH: /cygdrive/c/Users/nebbi/AppData/Local/Microsoft/WindowsApps/
PATH: /cygdrive/c/Users/nebbi/AppData/Local/Programs/MiKTeX/miktex/bin/x64/
PATH: /cygdrive/c/texlive/2022/bin/win32/
PATH: /cygdrive/c/Users/nebbi/AppData/Local/Programs/Microsoft VS Code/bin/
PATH: /cygdrive/c/Users/nebbi/AppData/Local/Microsoft/WinGet/Packages/Smallstep.step_Microsoft.Winget.Source_8wekyb3d8bbwe/step_0.28.7/bin/


## ----------- ##
## Core tests. ##
## ----------- ##

configure:2316: looking for aux files: compile missing install-sh
configure:2329:  trying ./
configure:2358:   ./compile found
configure:2358:   ./missing found
configure:2340:   ./install-sh found
configure:2488: checking for a BSD-compatible install
configure:2562: result: /usr/bin/install -c
configure:2573: checking whether build environment is sane
configure:2628: result: yes
configure:2789: checking for a race-free mkdir -p
configure:2832: result: /usr/bin/mkdir -p
configure:2839: checking for gawk
configure:2860: found /usr/bin/gawk
configure:2872: result: gawk
configure:2883: checking whether make sets $(MAKE)
configure:2907: result: yes
configure:2937: checking whether make supports nested variables
configure:2956: result: yes
configure:3107: Found OpenSSL in MinGW path: /cygdrive/c/cygwin64/usr/x86_64-w64-mingw32/sys-root/mingw
configure:3123: checking for gawk
configure:3156: result: gawk
configure:3230: checking for gcc
configure:3263: result: gcc
configure:3622: checking for C compiler version
configure:3631: gcc --version >&5
gcc (GCC) 13.4.0
Copyright (C) 2023 Free Software Foundation, Inc.
This is free software; see the source for copying conditions.  There is NO
warranty; not even for MERCHANTABILITY or FITNESS FOR A PARTICULAR PURPOSE.

configure:3642: $? = 0
configure:3631: gcc -v >&5
Using built-in specs.
COLLECT_GCC=gcc
COLLECT_LTO_WRAPPER=/usr/lib/gcc/x86_64-pc-cygwin/13/lto-wrapper.exe
Target: x86_64-pc-cygwin
Configured with: /mnt/share/packages/gccmake/gcc-13/gcc/gcc.x86_64/src/gcc-13.4.0/configure --srcdir=/mnt/share/packages/gccmake/gcc-13/gcc/gcc.x86_64/src/gcc-13.4.0 --prefix=/usr --exec-prefix=/usr --localstatedir=/var --sysconfdir=/etc --docdir=/usr/share/doc/gcc --htmldir=/usr/share/doc/gcc/html -C --build=x86_64-pc-cygwin --host=x86_64-pc-cygwin --target=x86_64-pc-cygwin --without-libiconv-prefix --without-libintl-prefix --libexecdir=/usr/lib --with-gcc-major-version-only --enable-shared --enable-shared-libgcc --enable-static --enable-version-specific-runtime-libs --enable-bootstrap --enable-__cxa_atexit --enable-clocale=newlib --with-dwarf2 --with-tune=generic --enable-languages=ada,c,c++,fortran,lto,objc,obj-c++,jit --enable-graphite --enable-threads=posix --enable-libatomic --enable-libgomp --enable-libquadmath --enable-libquadmath-support --disable-libssp --enable-libada --disable-symvers --disable-multilib --with-gnu-ld --with-gnu-as --with-cloog-include=/usr/include/cloog-isl --without-libiconv-prefix --without-libintl-prefix --with-system-zlib --enable-linker-build-id --with-default-libstdcxx-abi=gcc4-compatible --enable-libstdcxx-filesystem-ts
Thread model: posix
Supported LTO compression algorithms: zlib zstd
gcc version 13.4.0 (GCC) 
configure:3642: $? = 0
configure:3631: gcc -V >&5
gcc: error: unrecognized command-line option '-V'
gcc: fatal error: no input files
compilation terminated.
configure:3642: $? = 1
configure:3631: gcc -qversion >&5
gcc: error: unrecognized command-line option '-qversion'; did you mean '--version'?
gcc: fatal error: no input files
compilation terminated.
configure:3642: $? = 1
configure:3631: gcc -version >&5
gcc: error: unrecognized command-line option '-version'
gcc: fatal error: no input files
compilation terminated.
configure:3642: $? = 1
configure:3662: checking whether the C compiler works
configure:3684: gcc -O3 -Wno-deprecated-declarations  -I/cygdrive/c/cygwin64/usr/x86_64-w64-mingw32/sys-root/mingw/include  -L/cygdrive/c/cygwin64/usr/x86_64-w64-mingw32/sys-root/mingw/lib conftest.c -lm >&5
configure:3688: $? = 0
configure:3739: result: yes
configure:3743: checking for C compiler default output file name
configure:3745: result: a.exe
configure:3751: checking for suffix of executables
configure:3758: gcc -o conftest.exe -O3 -Wno-deprecated-declarations  -I/cygdrive/c/cygwin64/usr/x86_64-w64-mingw32/sys-root/mingw/include  -L/cygdrive/c/cygwin64/usr/x86_64-w64-mingw32/sys-root/mingw/lib conftest.c -lm >&5
configure:3762: $? = 0
configure:3786: result: .exe
configure:3810: checking whether we are cross compiling
configure:3818: gcc -o conftest.exe -O3 -Wno-deprecated-declarations  -I/cygdrive/c/cygwin64/usr/x86_64-w64-mingw32/sys-root/mingw/include  -L/cygdrive/c/cygwin64/usr/x86_64-w64-mingw32/sys-root/mingw/lib conftest.c -lm >&5
configure:3822: $? = 0
configure:3829: ./conftest.exe
configure:3833: $? = 0
configure:3848: result: no
configure:3854: checking for suffix of object files
configure:3877: gcc -c -O3 -Wno-deprecated-declarations  -I/cygdrive/c/cygwin64/usr/x86_64-w64-mingw32/sys-root/mingw/include conftest.c >&5
configure:3881: $? = 0
configure:3905: result: o
configure:3909: checking whether the compiler supports GNU C
configure:3929: gcc -c -O3 -Wno-deprecated-declarations  -I/cygdrive/c/cygwin64/usr/x86_64-w64-mingw32/sys-root/mingw/include conftest.c >&5
configure:3929: $? = 0
configure:3941: result: yes
configure:3952: checking whether gcc accepts -g
configure:3973: gcc -c -g  -I/cygdrive/c/cygwin64/usr/x86_64-w64-mingw32/sys-root/mingw/include conftest.c >&5
configure:3973: $? = 0
configure:4020: result: yes
configure:4040: checking for gcc option to enable C11 features
configure:4055: gcc  -c -O3 -Wno-deprecated-declarations  -I/cygdrive/c/cygwin64/usr/x86_64-w64-mingw32/sys-root/mingw/include conftest.c >&5
configure:4055: $? = 0
configure:4074: result: none needed
configure:4198: checking whether gcc understands -c and -o together
configure:4221: gcc -c conftest.c -o conftest2.o
configure:4224: $? = 0
configure:4221: gcc -c conftest.c -o conftest2.o
configure:4224: $? = 0
configure:4237: result: yes
configure:4257: checking whether make supports the include directive
configure:4272: make -f confmf.GNU && cat confinc.out
this is the am__doit target
configure:4275: $? = 0
configure:4294: result: yes (GNU style)
configure:4320: checking dependency style of gcc
configure:4433: result: gcc3
configure:4456: checking for stdio.h
configure:4456: gcc -c -O3 -Wno-deprecated-declarations  -I/cygdrive/c/cygwin64/usr/x86_64-w64-mingw32/sys-root/mingw/include conftest.c >&5
configure:4456: $? = 0
configure:4456: result: yes
configure:4456: checking for stdlib.h
configure:4456: gcc -c -O3 -Wno-deprecated-declarations  -I/cygdrive/c/cygwin64/usr/x86_64-w64-mingw32/sys-root/mingw/include conftest.c >&5
configure:4456: $? = 0
configure:4456: result: yes
configure:4456: checking for string.h
configure:4456: gcc -c -O3 -Wno-deprecated-declarations  -I/cygdrive/c/cygwin64/usr/x86_64-w64-mingw32/sys-root/mingw/include conftest.c >&5
configure:4456: $? = 0
configure:4456: result: yes
configure:4456: checking for inttypes.h
configure:4456: gcc -c -O3 -Wno-deprecated-declarations  -I/cygdrive/c/cygwin64/usr/x86_64-w64-mingw32/sys-root/mingw/include conftest.c >&5
configure:4456: $? = 0
configure:4456: result: yes
configure:4456: checking for stdint.h
configure:4456: gcc -c -O3 -Wno-deprecated-declarations  -I/cygdrive/c/cygwin64/usr/x86_64-w64-mingw32/sys-root/mingw/include conftest.c >&5
configure:4456: $? = 0
configure:4456: result: yes
configure:4456: checking for strings.h
configure:4456: gcc -c -O3 -Wno-deprecated-declarations  -I/cygdrive/c/cygwin64/usr/x86_64-w64-mingw32/sys-root/mingw/include conftest.c >&5
configure:4456: $? = 0
configure:4456: result: yes
configure:4456: checking for sys/stat.h
configure:4456: gcc -c -O3 -Wno-deprecated-declarations  -I/cygdrive/c/cygwin64/usr/x86_64-w64-mingw32/sys-root/mingw/include conftest.c >&5
configure:4456: $? = 0
configure:4456: result: yes
configure:4456: checking for sys/types.h
configure:4456: gcc -c -O3 -Wno-deprecated-declarations  -I/cygdrive/c/cygwin64/usr/x86_64-w64-mingw32/sys-root/mingw/include conftest.c >&5
configure:4456: $? = 0
configure:4456: result: yes
configure:4456: checking for unistd.h
configure:4456: gcc -c -O3 -Wno-deprecated-declarations  -I/cygdrive/c/cygwin64/usr/x86_64-w64-mingw32/sys-root/mingw/include conftest.c >&5
configure:4456: $? = 0
configure:4456: result: yes
configure:4483: checking for complex.h
configure:4483: gcc -c -O3 -Wno-deprecated-declarations  -I/cygdrive/c/cygwin64/usr/x86_64-w64-mingw32/sys-root/mingw/include conftest.c >&5
configure:4483: $? = 0
configure:4483: result: yes
configure:4497: checking for limits.h
configure:4497: gcc -c -O3 -Wno-deprecated-declarations  -I/cygdrive/c/cygwin64/usr/x86_64-w64-mingw32/sys-root/mingw/include conftest.c >&5
configure:4497: $? = 0
configure:4497: result: yes
configure:4511: checking for math.h
configure:4511: gcc -c -O3 -Wno-deprecated-declarations  -I/cygdrive/c/cygwin64/usr/x86_64-w64-mingw32/sys-root/mingw/include conftest.c >&5
configure:4511: $? = 0
configure:4511: result: yes
configure:4525: checking for openssl/md5.h
configure:4525: gcc -c -O3 -Wno-deprecated-declarations  -I/cygdrive/c/cygwin64/usr/x86_64-w64-mingw32/sys-root/mingw/include conftest.c >&5
configure:4525: $? = 0
configure:4525: result: yes
configure:4539: checking for stdio.h
configure:4539: result: yes
configure:4553: checking for stdlib.h
configure:4553: result: yes
configure:4567: checking for time.h
configure:4567: gcc -c -O3 -Wno-deprecated-declarations  -I/cygdrive/c/cygwin64/usr/x86_64-w64-mingw32/sys-root/mingw/include conftest.c >&5
configure:4567: $? = 0
configure:4567: result: yes
configure:4581: checking for library containing MD5_Init
configure:4617: gcc -o conftest.exe -O3 -Wno-deprecated-declarations  -I/cygdrive/c/cygwin64/usr/x86_64-w64-mingw32/sys-root/mingw/include  -L/cygdrive/c/cygwin64/usr/x86_64-w64-mingw32/sys-root/mingw/lib conftest.c -lm >&5
/usr/lib/gcc/x86_64-pc-cygwin/13/../../../../x86_64-pc-cygwin/bin/ld: /tmp/ccJMTnfJ.o:conftest.c:(.text.startup+0xa): undefined reference to `MD5_Init'
collect2: error: ld returned 1 exit status
configure:4617: $? = 1
configure: failed program was:
| /* confdefs.h */
| #define PACKAGE_NAME "yang_mills"
| #define PACKAGE_TARNAME "yang_mills"
| #define PACKAGE_VERSION "1.1.6"
| #define PACKAGE_STRING "yang_mills 1.1.6"
| #define PACKAGE_BUGREPORT "claudio.bonati82@gmail.com"
| #define PACKAGE_URL ""
| #define PACKAGE "yang_mills"
| #define VERSION "1.1.6"
| #define HAVE_STDIO_H 1
| #define HAVE_STDLIB_H 1
| #define HAVE_STRING_H 1
| #define HAVE_INTTYPES_H 1
| #define HAVE_STDINT_H 1
| #define HAVE_STRINGS_H 1
| #define HAVE_SYS_STAT_H 1
| #define HAVE_SYS_TYPES_H 1
| #define HAVE_UNISTD_H 1
| #define STDC_HEADERS 1
| #define HAVE_COMPLEX_H 1
| #define HAVE_LIMITS_H 1
| #define HAVE_MATH_H 1
| #define HAVE_OPENSSL_MD5_H 1
| #define HAVE_STDIO_H 1
| #define HAVE_STDLIB_H 1
| #define HAVE_TIME_H 1
| /* end confdefs.h.  */
| 
| /* Override any GCC internal prototype to avoid an error.
|    Use char because int might match the return type of a GCC
|    builtin and then its argument prototype would still apply.
|    The 'extern "C"' is for builds by C++ compilers;
|    although this is not generally supported in C code supporting it here
|    has little cost and some practical benefit (sr 110532).  */
| #ifdef __cplusplus
| extern "C"
| #endif
| char MD5_Init (void);
| int
| main (void)
| {
| return MD5_Init ();
|   ;
|   return 0;
| }
configure:4617: gcc -o conftest.exe -O3 -Wno-deprecated-declarations  -I/cygdrive/c/cygwin64/usr/x86_64-w64-mingw32/sys-root/mingw/include  -L/cygdrive/c/cygwin64/usr/x86_64-w64-mingw32/sys-root/mingw/lib conftest.c -lcrypto  -lm >&5
configure:4617: $? = 0
configure:4639: result: -lcrypto
configure:4652: checking for library containing sqrt
configure:4688: gcc -o conftest.exe -O3 -Wno-deprecated-declarations  -I/cygdrive/c/cygwin64/usr/x86_64-w64-mingw32/sys-root/mingw/include  -L/cygdrive/c/cygwin64/usr/x86_64-w64-mingw32/sys-root/mingw/lib conftest.c -lcrypto -lm >&5
conftest.c:38:6: warning: conflicting types for built-in function 'sqrt'; expected 'double(double)' [-Wbuiltin-declaration-mismatch]
   38 | char sqrt (void);
      |      ^~~~
conftest.c:1:1: note: 'sqrt' is declared in header '<math.h>'
    1 | /* confdefs.h */
configure:4688: $? = 0
configure:4710: result: none required
configure:4724: checking for inline
configure:4741: gcc -c -O3 -Wno-deprecated-declarations  -I/cygdrive/c/cygwin64/usr/x86_64-w64-mingw32/sys-root/mingw/include conftest.c >&5
configure:4741: $? = 0
configure:4751: result: inline
configure:4769: checking for uint32_t
configure:4769: gcc -c -O3 -Wno-deprecated-declarations  -I/cygdrive/c/cygwin64/usr/x86_64-w64-mingw32/sys-root/mingw/include conftest.c >&5
configure:4769: $? = 0
configure:4769: result: yes
configure:4781: checking for uint64_t
configure:4781: gcc -c -O3 -Wno-deprecated-declarations  -I/cygdrive/c/cygwin64/usr/x86_64-w64-mingw32/sys-root/mingw/include conftest.c >&5
configure:4781: $? = 0
configure:4781: result: yes
configure:4990: WARNING:
   *****
   No chosen value for Num_levels: using the default Num_levels=2
   *****
   
configure:5056: WARNING:
   *****
   No chosen value for N_higgs: using the default N_higgs=1
   *****
   
configure:5193: checking that generated files are newer than configure
configure:5199: result: done
configure:5222: creating ./config.status

## ---------------------- ##
## Running config.status. ##
## ---------------------- ##

This file was extended by yang_mills config.status 1.1.6, which was
generated by GNU Autoconf 2.72.  Invocation command line was

  CONFIG_FILES    = 
  CONFIG_HEADERS  = 
  CONFIG_LINKS    = 
  CONFIG_COMMANDS = 
  $ ./config.status 

on DESKTOP-UB0MP16

config.status:868: creating Makefile
config.status:868: creating config.h
config.status:1049: config.h is unchanged
config.status:1097: executing depfiles commands
config.status:1174: cd .       && sed -e '/# am--include-marker/d' Makefile         | make -f - am--depfiles
make: Nothing to be done for 'am--depfiles'.
config.status:1179: $? = 0

## ---------------- ##
## Cache variables. ##
## ---------------- ##

ac_cv_c_compiler_gnu=yes
ac_cv_c_inline=inline
ac_cv_c_uint32_t=yes
ac_cv_c_uint64_t=yes
ac_cv_env_CC_set=set
ac_cv_env_CC_value=gcc
ac_cv_env_CFLAGS_set=set
ac_cv_env_CFLAGS_value='-O3 -Wno-deprecated-declarations'
ac_cv_env_CPPFLAGS_set=
ac_cv_env_CPPFLAGS_value=
ac_cv_env_LDFLAGS_set=
ac_cv_env_LDFLAGS_value=
ac_cv_env_LIBS_set=set
ac_cv_env_LIBS_value=-lm
ac_cv_env_N_c_set=set
ac_cv_env_N_c_value=2
ac_cv_env_N_higgs_set=
ac_cv_env_N_higgs_value=
ac_cv_env_Num_levels_set=
ac_cv_env_Num_levels_value=
ac_cv_env_Num_threads_set=set
ac_cv_env_Num_threads_value=1
ac_cv_env_ST_dim_set=set
ac_cv_env_ST_dim_value=3
ac_cv_env_build_alias_set=
ac_cv_env_build_alias_value=
ac_cv_env_host_alias_set=
ac_cv_env_host_alias_value=
ac_cv_env_target_alias_set=
ac_cv_env_target_alias_value=
ac_cv_exeext=.exe
ac_cv_header_complex_h=yes
ac_cv_header_inttypes_h=yes
ac_cv_header_limits_h=yes
ac_cv_header_math_h=yes
ac_cv_header_openssl_md5_h=yes
ac_cv_header_stdint_h=yes
ac_cv_header_stdio_h=yes
ac_cv_header_stdlib_h=yes
ac_cv_header_string_h=yes
ac_cv_header_strings_h=yes
ac_cv_header_sys_stat_h=yes
ac_cv_header_sys_types_h=yes
ac_cv_header_time_h=yes
ac_cv_header_unistd_h=yes
ac_cv_objext=o
ac_cv_path_install='/usr/bin/install -c'
ac_cv_path_mkdir=/usr/bin/mkdir
ac_cv_prog_AWK=gawk
ac_cv_prog_ac_ct_CC=gcc
ac_cv_prog_cc_c11=
ac_cv_prog_cc_g=yes
ac_cv_prog_cc_stdc=
ac_cv_prog_make_make_set=yes
ac_cv_search_MD5_Init=-lcrypto
ac_cv_search_sqrt='none required'
am_cv_CC_dependencies_compiler_type=gcc3
am_cv_make_support_nested_variables=yes
am_cv_prog_cc_c_o=yes

## ----------------- ##
## Output variables. ##
## ----------------- ##

ACLOCAL='${SHELL} '\''/home/nebbi/nebbi/Università/Tesi/DirichletBC/yang-mills-master/missing'\'' aclocal-1.16'
AMDEPBACKSLASH='\'
AMDEP_FALSE='#'
AMDEP_TRUE=''
AMTAR='$${TAR-tar}'
AM_BACKSLASH='\'
AM_DEFAULT_V='$(AM_DEFAULT_VERBOSITY)'
AM_DEFAULT_VERBOSITY='1'
AM_V='$(V)'
AUTOCONF='${SHELL} '\''/home/nebbi/nebbi/Università/Tesi/DirichletBC/yang-mills-master/missing'\'' autoconf'
AUTOHEADER='${SHELL} '\''/home/nebbi/nebbi/Università/Tesi/DirichletBC/yang-mills-master/missing'\'' autoheader'
AUTOMAKE='${SHELL} '\''/home/nebbi/nebbi/Università/Tesi/DirichletBC/yang-mills-master/missing'\'' automake-1.16'
AWK='gawk'
CC='gcc'
CCDEPMODE='depmode=gcc3'
CFLAGS='-O3 -Wno-deprecated-declarations'
CPPFLAGS=' -I/cygdrive/c/cygwin64/usr/x86_64-w64-mingw32/sys-root/mingw/include'
CSCOPE='cscope'
CTAGS='ctags'
CYGPATH_W='cygpath -w'
DEFS='-DHAVE_CONFIG_H'
DEPDIR='.deps'
ECHO_C=''
ECHO_N='-n'
ECHO_T=''
ETAGS='etags'
EXEEXT='.exe'
INSTALL_DATA='${INSTALL} -m 644'
INSTALL_PROGRAM='${INSTALL}'
INSTALL_SCRIPT='${INSTALL}'
INSTALL_STRIP_PROGRAM='$(install_sh) -c -s'
LDFLAGS=' -L/cygdrive/c/cygwin64/usr/x86_64-w64-mingw32/sys-root/mingw/lib'
LIBOBJS=''
LIBS='-lcrypto -lm'
LTLIBOBJS=''
MAKEINFO='${SHELL} '\''/home/nebbi/nebbi/Università/Tesi/DirichletBC/yang-mills-master/missing'\'' makeinfo'
MKDIR_P='/usr/bin/mkdir -p'
N_c='2'
N_higgs=''
Num_levels=''
Num_threads='1'
OBJEXT='o'
OPENMP_CFLAGS=''
PACKAGE='yang_mills'
PACKAGE_BUGREPORT='claudio.bonati82@gmail.com'
PACKAGE_NAME='yang_mills'
PACKAGE_STRING='yang_mills 1.1.6'
PACKAGE_TARNAME='yang_mills'
PACKAGE_URL=''
PACKAGE_VERSION='1.1.6'
PATH_SEPARATOR=':'
SET_MAKE=''
SHELL='/bin/sh'
STRIP=''
ST_dim='3'
VERSION='1.1.6'
ac_ct_CC='gcc'
am__EXEEXT_FALSE='#'
am__EXEEXT_TRUE=''
am__fastdepCC_FALSE='#'
am__fastdepCC_TRUE=''
am__include='include'
am__isrc=''
am__leading_dot='.'
am__nodep='_no'
am__quote=''
am__tar='$${TAR-tar} chof - "$$tardir"'
am__untar='$${TAR-tar} xf -'
bindir='${exec_prefix}/bin'
build_alias=''
datadir='${datarootdir}'
datarootdir='${prefix}/share'
docdir='${datarootdir}/doc/${PACKAGE_TARNAME}'
dvidir='${docdir}'
exec_prefix='${prefix}'
host_alias=''
htmldir='${docdir}'
includedir='${prefix}/include'
infodir='${datarootdir}/info'
install_sh='${SHELL} /home/nebbi/nebbi/Università/Tesi/DirichletBC/yang-mills-master/install-sh'
libdir='${exec_prefix}/lib'
libexecdir='${exec_prefix}/libexec'
localedir='${datarootdir}/locale'
localstatedir='${prefix}/var'
mandir='${datarootdir}/man'
mkdir_p='$(MKDIR_P)'
oldincludedir='/usr/include'
pdfdir='${docdir}'
prefix='/usr/local'
program_transform_name='s,x,x,'
psdir='${docdir}'
runstatedir='${localstatedir}/run'
sbindir='${exec_prefix}/sbin'
sharedstatedir='${prefix}/com'
sysconfdir='${prefix}/etc'
target_alias=''

## ----------- ##
## confdefs.h. ##
## ----------- ##

/* confdefs.h */
#define PACKAGE_NAME "yang_mills"
#define PACKAGE_TARNAME "yang_mills"
#define PACKAGE_VERSION "1.1.6"
#define PACKAGE_STRING "yang_mills 1.1.6"
#define PACKAGE_BUGREPORT "claudio.bonati82@gmail.com"
#define PACKAGE_URL ""
#define PACKAGE "yang_mills"
#define VERSION "1.1.6"
#define HAVE_STDIO_H 1
#define HAVE_STDLIB_H 1
#define HAVE_STRING_H 1
#define HAVE_INTTYPES_H 1
#define HAVE_STDINT_H 1
#define HAVE_STRINGS_H 1
#define HAVE_SYS_STAT_H 1
#define HAVE_SYS_TYPES_H 1
#define HAVE_UNISTD_H 1
#define STDC_HEADERS 1
#define HAVE_COMPLEX_H 1
#define HAVE_LIMITS_H 1
#define HAVE_MATH_H 1
#define HAVE_OPENSSL_MD5_H 1
#define HAVE_STDIO_H 1
#define HAVE_STDLIB_H 1
#define HAVE_TIME_H 1
#define DIRICHLET_MODE 1
#define NCOLOR 2
#define NLEVELS 2
#define NTHREADS 1
#define STDIM 3
#define NHIGGS 1

configure: exit 0
